[debug] [2023-02-02T16:36:22.508Z] ----------------------------------------------------------------------
[debug] [2023-02-02T16:36:22.512Z] Command:       C:\Program Files\nodejs\node.exe C:\Program Files\nodejs\node_modules\firebase-tools\lib\bin\firebase.js init hosting
[debug] [2023-02-02T16:36:22.513Z] CLI Version:   11.22.0
[debug] [2023-02-02T16:36:22.513Z] Platform:      win32
[debug] [2023-02-02T16:36:22.513Z] Node Version:  v14.18.3
[debug] [2023-02-02T16:36:22.514Z] Time:          Thu Feb 02 2023 17:36:22 GMT+0100 (West Africa Standard Time)
[debug] [2023-02-02T16:36:22.515Z] ----------------------------------------------------------------------
[debug] 
[debug] [2023-02-02T16:36:22.532Z] > command requires scopes: ["email","openid","https://www.googleapis.com/auth/cloudplatformprojects.readonly","https://www.googleapis.com/auth/firebase","https://www.googleapis.com/auth/cloud-platform"]
[debug] [2023-02-02T16:36:22.532Z] > authorizing via signed-in user (oladipupooladokun@gmail.com)
[info] 
     ######## #### ########  ######## ########     ###     ######  ########
     ##        ##  ##     ## ##       ##     ##  ##   ##  ##       ##
     ######    ##  ########  ######   ########  #########  ######  ######
     ##        ##  ##    ##  ##       ##     ## ##     ##       ## ##
     ##       #### ##     ## ######## ########  ##     ##  ######  ########

You're about to initialize a Firebase project in this directory:

  C:\Users\oladi\Desktop\Workspace\tilt-empire

[info] 
=== Project Setup
[info] 
[info] First, let's associate this project directory with a Firebase project.
[info] You can create multiple project aliases by running firebase use --add, 
[info] but for now we'll just set up a default project.
[info] 
[debug] [2023-02-02T16:36:48.855Z] >>> [apiv2][query] GET https://firebase.googleapis.com/v1beta1/projects pageSize=100
[debug] [2023-02-02T16:36:51.921Z] <<< [apiv2][status] GET https://firebase.googleapis.com/v1beta1/projects 200
[debug] [2023-02-02T16:36:51.921Z] <<< [apiv2][body] GET https://firebase.googleapis.com/v1beta1/projects [omitted]
[info] i  Using project tilt-empire (tilt-empire) 
[info] 
=== Hosting Setup
[debug] [2023-02-02T16:39:58.627Z] Error: Unable to determine format for workspace path.
    at Object.readWorkspace (C:\Users\oladi\Desktop\Workspace\tilt-empire\node_modules\@angular-devkit\core\src\workspace\core.js:85:15)
    at async getContext (C:\Users\oladi\AppData\Roaming\nvm\v14.18.3\node_modules\firebase-tools\lib\frameworks\angular\index.js:147:27)
    at async discover (C:\Users\oladi\AppData\Roaming\nvm\v14.18.3\node_modules\firebase-tools\lib\frameworks\angular\index.js:22:30)
    at async discover (C:\Users\oladi\AppData\Roaming\nvm\v14.18.3\node_modules\firebase-tools\lib\frameworks\index.js:77:32)
    at async doSetup (C:\Users\oladi\AppData\Roaming\nvm\v14.18.3\node_modules\firebase-tools\lib\init\features\hosting\index.js:54:31)
    at async init (C:\Users\oladi\AppData\Roaming\nvm\v14.18.3\node_modules\firebase-tools\lib\init\index.js:36:9)
[error] 
[error] Error: An unexpected error has occurred.
[debug] [2023-02-02T16:41:09.812Z] ----------------------------------------------------------------------
[debug] [2023-02-02T16:41:09.816Z] Command:       C:\Program Files\nodejs\node.exe C:\Program Files\nodejs\node_modules\firebase-tools\lib\bin\firebase.js init hosting
[debug] [2023-02-02T16:41:09.817Z] CLI Version:   11.22.0
[debug] [2023-02-02T16:41:09.817Z] Platform:      win32
[debug] [2023-02-02T16:41:09.817Z] Node Version:  v14.18.3
[debug] [2023-02-02T16:41:09.819Z] Time:          Thu Feb 02 2023 17:41:09 GMT+0100 (West Africa Standard Time)
[debug] [2023-02-02T16:41:09.819Z] ----------------------------------------------------------------------
[debug] 
[debug] [2023-02-02T16:41:09.838Z] > command requires scopes: ["email","openid","https://www.googleapis.com/auth/cloudplatformprojects.readonly","https://www.googleapis.com/auth/firebase","https://www.googleapis.com/auth/cloud-platform"]
[debug] [2023-02-02T16:41:09.838Z] > authorizing via signed-in user (oladipupooladokun@gmail.com)
[info] 
     ######## #### ########  ######## ########     ###     ######  ########
     ##        ##  ##     ## ##       ##     ##  ##   ##  ##       ##
     ######    ##  ########  ######   ########  #########  ######  ######
     ##        ##  ##    ##  ##       ##     ## ##     ##       ## ##
     ##       #### ##     ## ######## ########  ##     ##  ######  ########

You're about to initialize a Firebase project in this directory:

  C:\Users\oladi\Desktop\Workspace\tilt-empire

[info] 
=== Project Setup
[info] 
[info] First, let's associate this project directory with a Firebase project.
[info] You can create multiple project aliases by running firebase use --add, 
[info] but for now we'll just set up a default project.
[info] 
[debug] [2023-02-02T16:41:21.216Z] >>> [apiv2][query] GET https://firebase.googleapis.com/v1beta1/projects pageSize=100
[debug] [2023-02-02T16:41:22.614Z] <<< [apiv2][status] GET https://firebase.googleapis.com/v1beta1/projects 200
[debug] [2023-02-02T16:41:22.615Z] <<< [apiv2][body] GET https://firebase.googleapis.com/v1beta1/projects [omitted]
[info] i  Using project tilt-empire (tilt-empire) 
[info] 
=== Hosting Setup
[debug] [2023-02-02T16:45:47.362Z] Error: Command failed: npx --yes -p @angular/cli@latest ng new dist --skip-git
    at checkExecSyncError (child_process.js:790:11)
    at execSync (child_process.js:863:15)
    at Object.init (C:\Users\oladi\AppData\Roaming\nvm\v14.18.3\node_modules\firebase-tools\lib\frameworks\angular\index.js:27:34)
    at doSetup (C:\Users\oladi\AppData\Roaming\nvm\v14.18.3\node_modules\firebase-tools\lib\init\features\hosting\index.js:86:76)
    at processTicksAndRejections (internal/process/task_queues.js:95:5)
    at async init (C:\Users\oladi\AppData\Roaming\nvm\v14.18.3\node_modules\firebase-tools\lib\init\index.js:36:9)
[error] 
[error] Error: An unexpected error has occurred.
